INFO [2023-08-10 01:38:56] [[1]]
INFO [2023-08-10 01:38:56] list1
INFO [2023-08-10 01:38:56] 
INFO [2023-08-10 01:38:56] $filename
INFO [2023-08-10 01:38:56] NULL
INFO [2023-08-10 01:38:56] 
INFO [2023-08-10 01:38:56] [[1]]
INFO [2023-08-10 01:38:56] list1
INFO [2023-08-10 01:38:56] 
INFO [2023-08-10 01:38:56] $filename
INFO [2023-08-10 01:38:56] NULL
INFO [2023-08-10 01:38:56] 
INFO [2023-08-10 01:38:56] [[1]]
INFO [2023-08-10 01:38:56] list1
INFO [2023-08-10 01:38:56] 
INFO [2023-08-10 01:38:56] $filename
INFO [2023-08-10 01:38:56] NULL
INFO [2023-08-10 01:38:56] 
INFO [2023-08-10 01:38:56] [[1]]
INFO [2023-08-10 01:38:56] list1
INFO [2023-08-10 01:38:56] 
INFO [2023-08-10 01:38:56] $filename
INFO [2023-08-10 01:38:56] NULL
INFO [2023-08-10 01:38:56] 
INFO [2023-08-10 01:38:56] [[1]]
INFO [2023-08-10 01:38:56] list1
INFO [2023-08-10 01:38:56] 
INFO [2023-08-10 01:38:56] $filename
INFO [2023-08-10 01:38:56] NULL
INFO [2023-08-10 01:38:56] 
INFO [2023-08-10 01:38:56] [[1]]
INFO [2023-08-10 01:38:56] list1
INFO [2023-08-10 01:38:56] 
INFO [2023-08-10 01:38:56] $filename
INFO [2023-08-10 01:38:56] NULL
INFO [2023-08-10 01:38:56] 
INFO [2023-08-10 01:38:56] [[1]]
INFO [2023-08-10 01:38:56] list1
INFO [2023-08-10 01:38:56] 
INFO [2023-08-10 01:38:56] $filename
INFO [2023-08-10 01:38:56] NULL
INFO [2023-08-10 01:38:56] 
INFO [2023-08-10 01:38:56] [[1]]
INFO [2023-08-10 01:38:56] list1
INFO [2023-08-10 01:38:56] 
INFO [2023-08-10 01:38:56] $filename
INFO [2023-08-10 01:38:56] NULL
INFO [2023-08-10 01:38:56] 
INFO [2023-08-10 01:38:56] [[1]]
INFO [2023-08-10 01:38:56] list1
INFO [2023-08-10 01:38:56] 
INFO [2023-08-10 01:38:56] $filename
INFO [2023-08-10 01:38:56] NULL
INFO [2023-08-10 01:38:56] 
